<?xml version="1.0" encoding="UTF-8"?>
<!-- Generated by org.testng.reporters.JUnitReportReporter -->
<testsuite hostname="DESKTOP-QNR4PHQ" failures="0" tests="1" name="com.test.facebook.CreateNewAccount" time="27.614" errors="0" timestamp="24 Jul 2022 13:54:41 GMT" skipped="0">
  <testcase classname="com.test.facebook.CreateNewAccount" name="loginname" time="27.614"/>
</testsuite> <!-- com.test.facebook.CreateNewAccount -->
